Performing C SOURCE FILE Test CMAKE_HAVE_LIBC_PTHREAD failed with the following output:
Change Dir: /home/xgy/ws_xgy/ws_project/qt_ros_hand/build/CMakeFiles/CMakeTmp

Run Build Command(s):/usr/bin/make -f Makefile cmTC_68ac9/fast && /usr/bin/make  -f CMakeFiles/cmTC_68ac9.dir/build.make CMakeFiles/cmTC_68ac9.dir/build
make[1]: 进入目录“/home/xgy/ws_xgy/ws_project/qt_ros_hand/build/CMakeFiles/CMakeTmp”
Building C object CMakeFiles/cmTC_68ac9.dir/src.c.o
/usr/bin/cc -DCMAKE_HAVE_LIBC_PTHREAD   -o CMakeFiles/cmTC_68ac9.dir/src.c.o -c /home/xgy/ws_xgy/ws_project/qt_ros_hand/build/CMakeFiles/CMakeTmp/src.c
Linking C executable cmTC_68ac9
/home/xgy/Downloads/cmake-3.22.4-linux-x86_64/bin/cmake -E cmake_link_script CMakeFiles/cmTC_68ac9.dir/link.txt --verbose=1
/usr/bin/cc -rdynamic CMakeFiles/cmTC_68ac9.dir/src.c.o -o cmTC_68ac9 
CMakeFiles/cmTC_68ac9.dir/src.c.o：在函数‘main’中：
src.c:(.text+0x3e)：对‘pthread_create’未定义的引用
src.c:(.text+0x4a)：对‘pthread_detach’未定义的引用
src.c:(.text+0x56)：对‘pthread_cancel’未定义的引用
src.c:(.text+0x67)：对‘pthread_join’未定义的引用
src.c:(.text+0x7b)：对‘pthread_atfork’未定义的引用
collect2: error: ld returned 1 exit status
CMakeFiles/cmTC_68ac9.dir/build.make:98: recipe for target 'cmTC_68ac9' failed
make[1]: *** [cmTC_68ac9] Error 1
make[1]: 离开目录“/home/xgy/ws_xgy/ws_project/qt_ros_hand/build/CMakeFiles/CMakeTmp”
Makefile:127: recipe for target 'cmTC_68ac9/fast' failed
make: *** [cmTC_68ac9/fast] Error 2


Source file was:
#include <pthread.h>

static void* test_func(void* data)
{
  return data;
}

int main(void)
{
  pthread_t thread;
  pthread_create(&thread, NULL, test_func, NULL);
  pthread_detach(thread);
  pthread_cancel(thread);
  pthread_join(thread, NULL);
  pthread_atfork(NULL, NULL, NULL);
  pthread_exit(NULL);

  return 0;
}

Determining if the function pthread_create exists in the pthreads failed with the following output:
Change Dir: /home/xgy/ws_xgy/ws_project/qt_ros_hand/build/CMakeFiles/CMakeTmp

Run Build Command(s):/usr/bin/make -f Makefile cmTC_ed20b/fast && /usr/bin/make  -f CMakeFiles/cmTC_ed20b.dir/build.make CMakeFiles/cmTC_ed20b.dir/build
make[1]: 进入目录“/home/xgy/ws_xgy/ws_project/qt_ros_hand/build/CMakeFiles/CMakeTmp”
Building C object CMakeFiles/cmTC_ed20b.dir/CheckFunctionExists.c.o
/usr/bin/cc   -DCHECK_FUNCTION_EXISTS=pthread_create -o CMakeFiles/cmTC_ed20b.dir/CheckFunctionExists.c.o -c /home/xgy/Downloads/cmake-3.22.4-linux-x86_64/share/cmake-3.22/Modules/CheckFunctionExists.c
Linking C executable cmTC_ed20b
/home/xgy/Downloads/cmake-3.22.4-linux-x86_64/bin/cmake -E cmake_link_script CMakeFiles/cmTC_ed20b.dir/link.txt --verbose=1
/usr/bin/cc  -DCHECK_FUNCTION_EXISTS=pthread_create -rdynamic CMakeFiles/cmTC_ed20b.dir/CheckFunctionExists.c.o -o cmTC_ed20b  -lpthreads 
/usr/bin/ld: 找不到 -lpthreads
collect2: error: ld returned 1 exit status
CMakeFiles/cmTC_ed20b.dir/build.make:98: recipe for target 'cmTC_ed20b' failed
make[1]: *** [cmTC_ed20b] Error 1
make[1]: 离开目录“/home/xgy/ws_xgy/ws_project/qt_ros_hand/build/CMakeFiles/CMakeTmp”
Makefile:127: recipe for target 'cmTC_ed20b/fast' failed
make: *** [cmTC_ed20b/fast] Error 2



Determining if the Q_WS_WIN exist failed with the following output:
Change Dir: /home/xgy/ws_xgy/ws_project/qt_ros_hand/build/CMakeFiles/CMakeTmp

Run Build Command(s):/usr/bin/make -f Makefile cmTC_ce1f3/fast && /usr/bin/make  -f CMakeFiles/cmTC_ce1f3.dir/build.make CMakeFiles/cmTC_ce1f3.dir/build
make[1]: 进入目录“/home/xgy/ws_xgy/ws_project/qt_ros_hand/build/CMakeFiles/CMakeTmp”
Building CXX object CMakeFiles/cmTC_ce1f3.dir/CheckSymbolExists.cxx.o
/usr/bin/c++  -I/usr/include/qt4  -o CMakeFiles/cmTC_ce1f3.dir/CheckSymbolExists.cxx.o -c /home/xgy/ws_xgy/ws_project/qt_ros_hand/build/CMakeFiles/CMakeTmp/CheckSymbolExists.cxx
/home/xgy/ws_xgy/ws_project/qt_ros_hand/build/CMakeFiles/CMakeTmp/CheckSymbolExists.cxx: In function ‘int main(int, char**)’:
/home/xgy/ws_xgy/ws_project/qt_ros_hand/build/CMakeFiles/CMakeTmp/CheckSymbolExists.cxx:8:19: error: ‘Q_WS_WIN’ was not declared in this scope
    8 |   return ((int*)(&Q_WS_WIN))[argc];
      |                   ^~~~~~~~
CMakeFiles/cmTC_ce1f3.dir/build.make:77: recipe for target 'CMakeFiles/cmTC_ce1f3.dir/CheckSymbolExists.cxx.o' failed
make[1]: *** [CMakeFiles/cmTC_ce1f3.dir/CheckSymbolExists.cxx.o] Error 1
make[1]: 离开目录“/home/xgy/ws_xgy/ws_project/qt_ros_hand/build/CMakeFiles/CMakeTmp”
Makefile:127: recipe for target 'cmTC_ce1f3/fast' failed
make: *** [cmTC_ce1f3/fast] Error 2


File /home/xgy/ws_xgy/ws_project/qt_ros_hand/build/CMakeFiles/CMakeTmp/CheckSymbolExists.cxx:
/* */
#include <QtCore/qglobal.h>

int main(int argc, char** argv)
{
  (void)argv;
#ifndef Q_WS_WIN
  return ((int*)(&Q_WS_WIN))[argc];
#else
  (void)argc;
  return 0;
#endif
}
Determining if the Q_WS_QWS exist failed with the following output:
Change Dir: /home/xgy/ws_xgy/ws_project/qt_ros_hand/build/CMakeFiles/CMakeTmp

Run Build Command(s):/usr/bin/make -f Makefile cmTC_24b85/fast && /usr/bin/make  -f CMakeFiles/cmTC_24b85.dir/build.make CMakeFiles/cmTC_24b85.dir/build
make[1]: 进入目录“/home/xgy/ws_xgy/ws_project/qt_ros_hand/build/CMakeFiles/CMakeTmp”
Building CXX object CMakeFiles/cmTC_24b85.dir/CheckSymbolExists.cxx.o
/usr/bin/c++  -I/usr/include/qt4  -o CMakeFiles/cmTC_24b85.dir/CheckSymbolExists.cxx.o -c /home/xgy/ws_xgy/ws_project/qt_ros_hand/build/CMakeFiles/CMakeTmp/CheckSymbolExists.cxx
/home/xgy/ws_xgy/ws_project/qt_ros_hand/build/CMakeFiles/CMakeTmp/CheckSymbolExists.cxx: In function ‘int main(int, char**)’:
/home/xgy/ws_xgy/ws_project/qt_ros_hand/build/CMakeFiles/CMakeTmp/CheckSymbolExists.cxx:8:19: error: ‘Q_WS_QWS’ was not declared in this scope
    8 |   return ((int*)(&Q_WS_QWS))[argc];
      |                   ^~~~~~~~
CMakeFiles/cmTC_24b85.dir/build.make:77: recipe for target 'CMakeFiles/cmTC_24b85.dir/CheckSymbolExists.cxx.o' failed
make[1]: *** [CMakeFiles/cmTC_24b85.dir/CheckSymbolExists.cxx.o] Error 1
make[1]: 离开目录“/home/xgy/ws_xgy/ws_project/qt_ros_hand/build/CMakeFiles/CMakeTmp”
Makefile:127: recipe for target 'cmTC_24b85/fast' failed
make: *** [cmTC_24b85/fast] Error 2


File /home/xgy/ws_xgy/ws_project/qt_ros_hand/build/CMakeFiles/CMakeTmp/CheckSymbolExists.cxx:
/* */
#include <QtCore/qglobal.h>

int main(int argc, char** argv)
{
  (void)argv;
#ifndef Q_WS_QWS
  return ((int*)(&Q_WS_QWS))[argc];
#else
  (void)argc;
  return 0;
#endif
}
Determining if the Q_WS_MAC exist failed with the following output:
Change Dir: /home/xgy/ws_xgy/ws_project/qt_ros_hand/build/CMakeFiles/CMakeTmp

Run Build Command(s):/usr/bin/make -f Makefile cmTC_f692a/fast && /usr/bin/make  -f CMakeFiles/cmTC_f692a.dir/build.make CMakeFiles/cmTC_f692a.dir/build
make[1]: 进入目录“/home/xgy/ws_xgy/ws_project/qt_ros_hand/build/CMakeFiles/CMakeTmp”
Building CXX object CMakeFiles/cmTC_f692a.dir/CheckSymbolExists.cxx.o
/usr/bin/c++  -I/usr/include/qt4  -o CMakeFiles/cmTC_f692a.dir/CheckSymbolExists.cxx.o -c /home/xgy/ws_xgy/ws_project/qt_ros_hand/build/CMakeFiles/CMakeTmp/CheckSymbolExists.cxx
/home/xgy/ws_xgy/ws_project/qt_ros_hand/build/CMakeFiles/CMakeTmp/CheckSymbolExists.cxx: In function ‘int main(int, char**)’:
/home/xgy/ws_xgy/ws_project/qt_ros_hand/build/CMakeFiles/CMakeTmp/CheckSymbolExists.cxx:8:19: error: ‘Q_WS_MAC’ was not declared in this scope
    8 |   return ((int*)(&Q_WS_MAC))[argc];
      |                   ^~~~~~~~
CMakeFiles/cmTC_f692a.dir/build.make:77: recipe for target 'CMakeFiles/cmTC_f692a.dir/CheckSymbolExists.cxx.o' failed
make[1]: *** [CMakeFiles/cmTC_f692a.dir/CheckSymbolExists.cxx.o] Error 1
make[1]: 离开目录“/home/xgy/ws_xgy/ws_project/qt_ros_hand/build/CMakeFiles/CMakeTmp”
Makefile:127: recipe for target 'cmTC_f692a/fast' failed
make: *** [cmTC_f692a/fast] Error 2


File /home/xgy/ws_xgy/ws_project/qt_ros_hand/build/CMakeFiles/CMakeTmp/CheckSymbolExists.cxx:
/* */
#include <QtCore/qglobal.h>

int main(int argc, char** argv)
{
  (void)argv;
#ifndef Q_WS_MAC
  return ((int*)(&Q_WS_MAC))[argc];
#else
  (void)argc;
  return 0;
#endif
}
